# JRE version: Java(TM) SE Runtime Environment (13.0.2+8) (build 13.0.2+8)
# Java VM: Java HotSpot(TM) 64-Bit Server VM (13.0.2+8, mixed mode, sharing, tiered, compressed oops, g1 gc, windows-amd64)
Heap:
 garbage-first heap   total 614400K, used 119582K [0x0000000080000000, 0x0000000100000000)
  region size 1024K, 2 young (2048K), 2 survivors (2048K)
 Metaspace       used 101524K, capacity 104528K, committed 105372K, reserved 1140736K
  class space    used 12569K, capacity 13606K, committed 13900K, reserved 1048576K
GC Heap History (20 events):
Event: 4560.808 GC heap after
{Heap after GC invocations=108 (full 0):
 garbage-first heap   total 404480K, used 156824K [0x0000000080000000, 0x0000000100000000)
  region size 1024K, 3 young (3072K), 3 survivors (3072K)
 Metaspace       used 101326K, capacity 104142K, committed 105372K, reserved 1140736K
  class space    used 12586K, capacity 13574K, committed 13900K, reserved 1048576K
}
Event: 4561.666 GC heap before
{Heap before GC invocations=109 (full 0):
 garbage-first heap   total 404480K, used 194712K [0x0000000080000000, 0x0000000100000000)
  region size 1024K, 37 young (37888K), 3 survivors (3072K)
 Metaspace       used 100867K, capacity 103604K, committed 105372K, reserved 1140736K
  class space    used 12498K, capacity 13476K, committed 13900K, reserved 1048576K
}
Event: 4561.682 GC heap after
{Heap after GC invocations=110 (full 0):
 garbage-first heap   total 404480K, used 151201K [0x0000000080000000, 0x0000000100000000)
  region size 1024K, 5 young (5120K), 5 survivors (5120K)
 Metaspace       used 100867K, capacity 103604K, committed 105372K, reserved 1140736K
  class space    used 12498K, capacity 13476K, committed 13900K, reserved 1048576K
}
Event: 4562.400 GC heap before
{Heap before GC invocations=110 (full 0):
 garbage-first heap   total 404480K, used 175777K [0x0000000080000000, 0x0000000100000000)
  region size 1024K, 19 young (19456K), 5 survivors (5120K)
 Metaspace       used 100958K, capacity 103773K, committed 105372K, reserved 1140736K
  class space    used 12513K, capacity 13502K, committed 13900K, reserved 1048576K
}
Event: 4562.513 GC heap after
{Heap after GC invocations=111 (full 0):
 garbage-first heap   total 404480K, used 128141K [0x0000000080000000, 0x0000000100000000)
  region size 1024K, 1 young (1024K), 1 survivors (1024K)
 Metaspace       used 100958K, capacity 103773K, committed 105372K, reserved 1140736K
  class space    used 12513K, capacity 13502K, committed 13900K, reserved 1048576K
}
Event: 4567.345 GC heap before
{Heap before GC invocations=111 (full 0):
 garbage-first heap   total 404480K, used 131213K [0x0000000080000000, 0x0000000100000000)
  region size 1024K, 5 young (5120K), 1 survivors (1024K)
 Metaspace       used 101042K, capacity 103957K, committed 105372K, reserved 1140736K
  class space    used 12524K, capacity 13523K, committed 13900K, reserved 1048576K
}
Event: 4567.354 GC heap after
{Heap after GC invocations=112 (full 0):
 garbage-first heap   total 404480K, used 128348K [0x0000000080000000, 0x0000000100000000)
  region size 1024K, 2 young (2048K), 2 survivors (2048K)
 Metaspace       used 101042K, capacity 103957K, committed 105372K, reserved 1140736K
  class space    used 12524K, capacity 13523K, committed 13900K, reserved 1048576K
}
Event: 4567.981 GC heap before
{Heap before GC invocations=113 (full 0):
 garbage-first heap   total 337920K, used 120156K [0x0000000080000000, 0x0000000100000000)
  region size 1024K, 25 young (25600K), 2 survivors (2048K)
 Metaspace       used 101412K, capacity 104399K, committed 105372K, reserved 1140736K
  class space    used 12569K, capacity 13606K, committed 13900K, reserved 1048576K
}
Event: 4567.987 GC heap after
{Heap after GC invocations=114 (full 0):
 garbage-first heap   total 337920K, used 101746K [0x0000000080000000, 0x0000000100000000)
  region size 1024K, 4 young (4096K), 4 survivors (4096K)
 Metaspace       used 101412K, capacity 104399K, committed 105372K, reserved 1140736K
  class space    used 12569K, capacity 13606K, committed 13900K, reserved 1048576K
}
Event: 4568.115 GC heap before
{Heap before GC invocations=114 (full 0):
 garbage-first heap   total 337920K, used 114034K [0x0000000080000000, 0x0000000100000000)
  region size 1024K, 16 young (16384K), 4 survivors (4096K)
 Metaspace       used 101431K, capacity 104399K, committed 105372K, reserved 1140736K
  class space    used 12569K, capacity 13606K, committed 13900K, reserved 1048576K
}
Event: 4568.170 GC heap after
{Heap after GC invocations=115 (full 0):
 garbage-first heap   total 337920K, used 82718K [0x0000000080000000, 0x0000000100000000)
  region size 1024K, 2 young (2048K), 2 survivors (2048K)
 Metaspace       used 101431K, capacity 104399K, committed 105372K, reserved 1140736K
  class space    used 12569K, capacity 13606K, committed 13900K, reserved 1048576K
}
Event: 4584.454 GC heap before
{Heap before GC invocations=115 (full 0):
 garbage-first heap   total 337920K, used 192286K [0x0000000080000000, 0x0000000100000000)
  region size 1024K, 111 young (113664K), 2 survivors (2048K)
 Metaspace       used 101522K, capacity 104528K, committed 105372K, reserved 1140736K
  class space    used 12569K, capacity 13606K, committed 13900K, reserved 1048576K
}
Event: 4585.228 GC heap after
{Heap after GC invocations=116 (full 0):
 garbage-first heap   total 337920K, used 84345K [0x0000000080000000, 0x0000000100000000)
  region size 1024K, 4 young (4096K), 4 survivors (4096K)
 Metaspace       used 101522K, capacity 104528K, committed 105372K, reserved 1140736K
  class space    used 12569K, capacity 13606K, committed 13900K, reserved 1048576K
}
Event: 4597.864 GC heap before
{Heap before GC invocations=116 (full 0):
 garbage-first heap   total 307200K, used 106873K [0x0000000080000000, 0x0000000100000000)
  region size 1024K, 16 young (16384K), 4 survivors (4096K)
 Metaspace       used 101524K, capacity 104528K, committed 105372K, reserved 1140736K
  class space    used 12569K, capacity 13606K, committed 13900K, reserved 1048576K
}
Event: 4598.065 GC heap after
{Heap after GC invocations=117 (full 0):
 garbage-first heap   total 307200K, used 98185K [0x0000000080000000, 0x0000000100000000)
  region size 1024K, 2 young (2048K), 2 survivors (2048K)
 Metaspace       used 101524K, capacity 104528K, committed 105372K, reserved 1140736K
  class space    used 12569K, capacity 13606K, committed 13900K, reserved 1048576K
}
Event: 4598.194 GC heap before
{Heap before GC invocations=117 (full 0):
 garbage-first heap   total 307200K, used 111497K [0x0000000080000000, 0x0000000100000000)
  region size 1024K, 15 young (15360K), 2 survivors (2048K)
 Metaspace       used 101524K, capacity 104528K, committed 105372K, reserved 1140736K
  class space    used 12569K, capacity 13606K, committed 13900K, reserved 1048576K
}
Event: 4598.227 GC heap after
{Heap after GC invocations=118 (full 0):
 garbage-first heap   total 307200K, used 103983K [0x0000000080000000, 0x0000000100000000)
  region size 1024K, 2 young (2048K), 2 survivors (2048K)
 Metaspace       used 101524K, capacity 104528K, committed 105372K, reserved 1140736K
  class space    used 12569K, capacity 13606K, committed 13900K, reserved 1048576K
}
Event: 4598.571 GC heap before
{Heap before GC invocations=119 (full 0):
 garbage-first heap   total 307200K, used 116271K [0x0000000080000000, 0x0000000100000000)
  region size 1024K, 15 young (15360K), 2 survivors (2048K)
 Metaspace       used 101524K, capacity 104528K, committed 105372K, reserved 1140736K
  class space    used 12569K, capacity 13606K, committed 13900K, reserved 1048576K
}
Event: 4598.701 GC heap after
{Heap after GC invocations=120 (full 0):
 garbage-first heap   total 307200K, used 111346K [0x0000000080000000, 0x0000000100000000)
  region size 1024K, 2 young (2048K), 2 survivors (2048K)
 Metaspace       used 101524K, capacity 104528K, committed 105372K, reserved 1140736K
  class space    used 12569K, capacity 13606K, committed 13900K, reserved 1048576K
}
Event: 4599.169 GC heap before
{Heap before GC invocations=120 (full 0):
 garbage-first heap   total 307200K, used 124658K [0x0000000080000000, 0x0000000100000000)
  region size 1024K, 15 young (15360K), 2 survivors (2048K)
 Metaspace       used 101524K, capacity 104528K, committed 105372K, reserved 1140736K
  class space    used 12569K, capacity 13606K, committed 13900K, reserved 1048576K
}

